[{"opcode": "movv", "arg": ["$0", "W"]},
 {"opcode": "movv", "arg": ["$1", "h"]},
 {"opcode": "movv", "arg": ["$2", "a"]},
 {"opcode": "movv", "arg": ["$3", "t"]},
 {"opcode": "movv", "arg": ["$4", "i"]},
 {"opcode": "movv", "arg": ["$5", "s"]},
 {"opcode": "movv", "arg": ["$6", " "]},
 {"opcode": "movv", "arg": ["$7", "y"]},
 {"opcode": "movv", "arg": ["$8", "o"]},
 {"opcode": "movv", "arg": ["$9", "u"]},
 {"opcode": "movv", "arg": ["$10", "r"]},
 {"opcode": "movv", "arg": ["$11", "n"]},
 {"opcode": "movv", "arg": ["$12", "m"]},
 {"opcode": "movv", "arg": ["$13", "e"]},
 {"opcode": "movv", "arg": ["$14", "?"]},
 {"opcode": "movv", "arg": ["$15", "\n"]},
 {"opcode": "movv", "arg": ["$16", "H"]},
 {"opcode": "movv", "arg": ["$17", "l"]},
 {"opcode": "movv", "arg": ["$18", ","]},
 {"opcode": "movv", "arg": ["$19", "!"]},
 {"opcode": "movv", "arg": ["$69", "$0"]},
 {"opcode": "movv", "arg": ["$69", "$1"]},
 {"opcode": "movv", "arg": ["$69", "$2"]},
 {"opcode": "movv", "arg": ["$69", "$3"]},
 {"opcode": "movv", "arg": ["$69", "$6"]},
 {"opcode": "movv", "arg": ["$69", "$4"]},
 {"opcode": "movv", "arg": ["$69", "$5"]},
 {"opcode": "movv", "arg": ["$69", "$6"]},
 {"opcode": "movv", "arg": ["$69", "$7"]},
 {"opcode": "movv", "arg": ["$69", "$8"]},
 {"opcode": "movv", "arg": ["$69", "$9"]},
 {"opcode": "movv", "arg": ["$69", "$10"]},
 {"opcode": "movv", "arg": ["$69", "$6"]},
 {"opcode": "movv", "arg": ["$69", "$11"]},
 {"opcode": "movv", "arg": ["$69", "$2"]},
 {"opcode": "movv", "arg": ["$69", "$12"]},
 {"opcode": "movv", "arg": ["$69", "$13"]},
 {"opcode": "movv", "arg": ["$69", "$14"]},
 {"opcode": "movv", "arg": ["$69", "$15"]},
 {"opcode": "movv", "arg": ["$69", "$16"]},
 {"opcode": "movv", "arg": ["$69", "$13"]},
 {"opcode": "movv", "arg": ["$69", "$17"]},
 {"opcode": "movv", "arg": ["$69", "$17"]},
 {"opcode": "movv", "arg": ["$69", "$8"]},
 {"opcode": "movv", "arg": ["$69", "$18"]},
 {"opcode": "movv", "arg": ["$69", "$6"]},
 {"opcode": "movv", "arg": ["$46", " "]},
 {"opcode": "movv", "arg": ["$46", "$52"]},
 {"opcode": "movv", "arg": ["$69", "$46"]},
 {"opcode": "jp", "arg": [47]},
 {"opcode": "movv", "arg": ["$69", "$19"]},
 {"opcode": "halt"}]